


ARM Macro Assembler    Page 1 


    1 00000000         ;*******************************************************
                       ************************
    2 00000000         ;* File Name          : startup_stm32l476xx.s
    3 00000000         ;* Author             : MCD Application Team
    4 00000000         ;* Description        : STM32L476xx Ultra Low Power devi
                       ces vector table for MDK-ARM toolchain.
    5 00000000         ;*                      This module performs:
    6 00000000         ;*                      - Set the initial SP
    7 00000000         ;*                      - Set the initial PC == Reset_Ha
                       ndler
    8 00000000         ;*                      - Set the vector table entries w
                       ith the exceptions ISR address
    9 00000000         ;*                      - Branches to __main in the C li
                       brary (which eventually
   10 00000000         ;*                        calls main()).
   11 00000000         ;*                      After Reset the Cortex-M4 proces
                       sor is in Thread mode,
   12 00000000         ;*                      priority is Privileged, and the 
                       Stack is set to Main.
   13 00000000         ;*******************************************************
                       ************************
   14 00000000         ;*
   15 00000000         ;* <h2><center>&copy; Copyright (c) 2017 STMicroelectron
                       ics.
   16 00000000         ;* All rights reserved.</center></h2>
   17 00000000         ;*
   18 00000000         ;* This software component is licensed by ST under BSD 3
                       -Clause license,
   19 00000000         ;* the "License"; You may not use this file except in co
                       mpliance with the
   20 00000000         ;* License. You may obtain a copy of the License at:
   21 00000000         ;*                        opensource.org/licenses/BSD-3-
                       Clause
   22 00000000         ;*
   23 00000000         ;*******************************************************
                       ************************
   24 00000000         ;* <<< Use Configuration Wizard in Context Menu >>>
   25 00000000         ; Amount of memory (in bytes) allocated for Stack
   26 00000000         ; Tailor this value to your application needs
   27 00000000         ; <h> Stack Configuration
   28 00000000         ;   <o> Stack Size (in Bytes) <0x0-0xFFFFFFFF:8>
   29 00000000         ; </h>
   30 00000000         
   31 00000000 00000400 
                       Stack_Size
                               EQU              0x400
   32 00000000         
   33 00000000                 AREA             STACK, NOINIT, READWRITE, ALIGN
=3
   34 00000000         Stack_Mem
                               SPACE            Stack_Size
   35 00000400         __initial_sp
   36 00000400         
   37 00000400         
   38 00000400         ; <h> Heap Configuration
   39 00000400         ;   <o>  Heap Size (in Bytes) <0x0-0xFFFFFFFF:8>
   40 00000400         ; </h>
   41 00000400         
   42 00000400 00000200 



ARM Macro Assembler    Page 2 


                       Heap_Size
                               EQU              0x200
   43 00000400         
   44 00000400                 AREA             HEAP, NOINIT, READWRITE, ALIGN=
3
   45 00000000         __heap_base
   46 00000000         Heap_Mem
                               SPACE            Heap_Size
   47 00000200         __heap_limit
   48 00000200         
   49 00000200                 PRESERVE8
   50 00000200                 THUMB
   51 00000200         
   52 00000200         
   53 00000200         ; Vector Table Mapped to Address 0 at Reset
   54 00000200                 AREA             RESET, DATA, READONLY
   55 00000000                 EXPORT           __Vectors
   56 00000000                 EXPORT           __Vectors_End
   57 00000000                 EXPORT           __Vectors_Size
   58 00000000         
   59 00000000 00000000 
                       __Vectors
                               DCD              __initial_sp ; Top of Stack
   60 00000004 00000000        DCD              Reset_Handler ; Reset Handler
   61 00000008 00000000        DCD              NMI_Handler ; NMI Handler
   62 0000000C 00000000        DCD              HardFault_Handler ; Hard Fault 
                                                            Handler
   63 00000010 00000000        DCD              MemManage_Handler 
                                                            ; MPU Fault Handler
                                                            
   64 00000014 00000000        DCD              BusFault_Handler 
                                                            ; Bus Fault Handler
                                                            
   65 00000018 00000000        DCD              UsageFault_Handler ; Usage Faul
                                                            t Handler
   66 0000001C 00000000        DCD              0           ; Reserved
   67 00000020 00000000        DCD              0           ; Reserved
   68 00000024 00000000        DCD              0           ; Reserved
   69 00000028 00000000        DCD              0           ; Reserved
   70 0000002C 00000000        DCD              SVC_Handler ; SVCall Handler
   71 00000030 00000000        DCD              DebugMon_Handler ; Debug Monito
                                                            r Handler
   72 00000034 00000000        DCD              0           ; Reserved
   73 00000038 00000000        DCD              PendSV_Handler ; PendSV Handler
                                                            
   74 0000003C 00000000        DCD              SysTick_Handler 
                                                            ; SysTick Handler
   75 00000040         
   76 00000040         ; External Interrupts
   77 00000040 00000000        DCD              WWDG_IRQHandler 
                                                            ; Window WatchDog
   78 00000044 00000000        DCD              PVD_PVM_IRQHandler ; PVD/PVM1/P
                                                            VM2/PVM3/PVM4 throu
                                                            gh EXTI Line detect
                                                            ion
   79 00000048 00000000        DCD              TAMP_STAMP_IRQHandler ; Tamper 
                                                            and TimeStamps thro
                                                            ugh the EXTI line
   80 0000004C 00000000        DCD              RTC_WKUP_IRQHandler ; RTC Wakeu



ARM Macro Assembler    Page 3 


                                                            p through the EXTI 
                                                            line
   81 00000050 00000000        DCD              FLASH_IRQHandler ; FLASH
   82 00000054 00000000        DCD              RCC_IRQHandler ; RCC
   83 00000058 00000000        DCD              EXTI0_IRQHandler ; EXTI Line0
   84 0000005C 00000000        DCD              EXTI1_IRQHandler ; EXTI Line1
   85 00000060 00000000        DCD              EXTI2_IRQHandler ; EXTI Line2
   86 00000064 00000000        DCD              EXTI3_IRQHandler ; EXTI Line3
   87 00000068 00000000        DCD              EXTI4_IRQHandler ; EXTI Line4
   88 0000006C 00000000        DCD              DMA1_Channel1_IRQHandler 
                                                            ; DMA1 Channel 1
   89 00000070 00000000        DCD              DMA1_Channel2_IRQHandler 
                                                            ; DMA1 Channel 2
   90 00000074 00000000        DCD              DMA1_Channel3_IRQHandler 
                                                            ; DMA1 Channel 3
   91 00000078 00000000        DCD              DMA1_Channel4_IRQHandler 
                                                            ; DMA1 Channel 4
   92 0000007C 00000000        DCD              DMA1_Channel5_IRQHandler 
                                                            ; DMA1 Channel 5
   93 00000080 00000000        DCD              DMA1_Channel6_IRQHandler 
                                                            ; DMA1 Channel 6
   94 00000084 00000000        DCD              DMA1_Channel7_IRQHandler 
                                                            ; DMA1 Channel 7
   95 00000088 00000000        DCD              ADC1_2_IRQHandler ; ADC1, ADC2
   96 0000008C 00000000        DCD              CAN1_TX_IRQHandler ; CAN1 TX
   97 00000090 00000000        DCD              CAN1_RX0_IRQHandler ; CAN1 RX0
   98 00000094 00000000        DCD              CAN1_RX1_IRQHandler ; CAN1 RX1
   99 00000098 00000000        DCD              CAN1_SCE_IRQHandler ; CAN1 SCE
  100 0000009C 00000000        DCD              EXTI9_5_IRQHandler ; External L
                                                            ine[9:5]s
  101 000000A0 00000000        DCD              TIM1_BRK_TIM15_IRQHandler ; TIM
                                                            1 Break and TIM15
  102 000000A4 00000000        DCD              TIM1_UP_TIM16_IRQHandler ; TIM1
                                                             Update and TIM16
  103 000000A8 00000000        DCD              TIM1_TRG_COM_TIM17_IRQHandler ;
                                                             TIM1 Trigger and C
                                                            ommutation and TIM1
                                                            7
  104 000000AC 00000000        DCD              TIM1_CC_IRQHandler ; TIM1 Captu
                                                            re Compare
  105 000000B0 00000000        DCD              TIM2_IRQHandler ; TIM2
  106 000000B4 00000000        DCD              TIM3_IRQHandler ; TIM3
  107 000000B8 00000000        DCD              TIM4_IRQHandler ; TIM4
  108 000000BC 00000000        DCD              I2C1_EV_IRQHandler ; I2C1 Event
                                                            
  109 000000C0 00000000        DCD              I2C1_ER_IRQHandler ; I2C1 Error
                                                            
  110 000000C4 00000000        DCD              I2C2_EV_IRQHandler ; I2C2 Event
                                                            
  111 000000C8 00000000        DCD              I2C2_ER_IRQHandler ; I2C2 Error
                                                            
  112 000000CC 00000000        DCD              SPI1_IRQHandler ; SPI1
  113 000000D0 00000000        DCD              SPI2_IRQHandler ; SPI2
  114 000000D4 00000000        DCD              USART1_IRQHandler ; USART1
  115 000000D8 00000000        DCD              USART2_IRQHandler ; USART2
  116 000000DC 00000000        DCD              USART3_IRQHandler ; USART3
  117 000000E0 00000000        DCD              EXTI15_10_IRQHandler ; External
                                                             Line[15:10]
  118 000000E4 00000000        DCD              RTC_Alarm_IRQHandler ; RTC Alar



ARM Macro Assembler    Page 4 


                                                            m (A and B) through
                                                             EXTI Line
  119 000000E8 00000000        DCD              DFSDM1_FLT3_IRQHandler ; DFSDM1
                                                             Filter 3 global In
                                                            terrupt
  120 000000EC 00000000        DCD              TIM8_BRK_IRQHandler ; TIM8 Brea
                                                            k Interrupt
  121 000000F0 00000000        DCD              TIM8_UP_IRQHandler ; TIM8 Updat
                                                            e Interrupt
  122 000000F4 00000000        DCD              TIM8_TRG_COM_IRQHandler ; TIM8 
                                                            Trigger and Commuta
                                                            tion Interrupt
  123 000000F8 00000000        DCD              TIM8_CC_IRQHandler ; TIM8 Captu
                                                            re Compare Interrup
                                                            t
  124 000000FC 00000000        DCD              ADC3_IRQHandler ; ADC3 global  
                                                            Interrupt
  125 00000100 00000000        DCD              FMC_IRQHandler ; FMC
  126 00000104 00000000        DCD              SDMMC1_IRQHandler ; SDMMC1
  127 00000108 00000000        DCD              TIM5_IRQHandler ; TIM5
  128 0000010C 00000000        DCD              SPI3_IRQHandler ; SPI3
  129 00000110 00000000        DCD              UART4_IRQHandler ; UART4
  130 00000114 00000000        DCD              UART5_IRQHandler ; UART5
  131 00000118 00000000        DCD              TIM6_DAC_IRQHandler ; TIM6 and 
                                                            DAC1&2 underrun err
                                                            ors
  132 0000011C 00000000        DCD              TIM7_IRQHandler ; TIM7
  133 00000120 00000000        DCD              DMA2_Channel1_IRQHandler 
                                                            ; DMA2 Channel 1
  134 00000124 00000000        DCD              DMA2_Channel2_IRQHandler 
                                                            ; DMA2 Channel 2
  135 00000128 00000000        DCD              DMA2_Channel3_IRQHandler 
                                                            ; DMA2 Channel 3
  136 0000012C 00000000        DCD              DMA2_Channel4_IRQHandler 
                                                            ; DMA2 Channel 4
  137 00000130 00000000        DCD              DMA2_Channel5_IRQHandler 
                                                            ; DMA2 Channel 5
  138 00000134 00000000        DCD              DFSDM1_FLT0_IRQHandler ; DFSDM1
                                                             Filter 0 global In
                                                            terrupt
  139 00000138 00000000        DCD              DFSDM1_FLT1_IRQHandler ; DFSDM1
                                                             Filter 1 global In
                                                            terrupt
  140 0000013C 00000000        DCD              DFSDM1_FLT2_IRQHandler ; DFSDM1
                                                             Filter 2 global In
                                                            terrupt
  141 00000140 00000000        DCD              COMP_IRQHandler 
                                                            ; COMP Interrupt
  142 00000144 00000000        DCD              LPTIM1_IRQHandler 
                                                            ; LP TIM1 interrupt
                                                            
  143 00000148 00000000        DCD              LPTIM2_IRQHandler 
                                                            ; LP TIM2 interrupt
                                                            
  144 0000014C 00000000        DCD              OTG_FS_IRQHandler ; USB OTG FS
  145 00000150 00000000        DCD              DMA2_Channel6_IRQHandler 
                                                            ; DMA2 Channel 6
  146 00000154 00000000        DCD              DMA2_Channel7_IRQHandler 
                                                            ; DMA2 Channel 7



ARM Macro Assembler    Page 5 


  147 00000158 00000000        DCD              LPUART1_IRQHandler ; LP UART1 i
                                                            nterrupt
  148 0000015C 00000000        DCD              QUADSPI_IRQHandler ; Quad SPI g
                                                            lobal interrupt
  149 00000160 00000000        DCD              I2C3_EV_IRQHandler ; I2C3 event
                                                            
  150 00000164 00000000        DCD              I2C3_ER_IRQHandler ; I2C3 error
                                                            
  151 00000168 00000000        DCD              SAI1_IRQHandler ; Serial Audio 
                                                            Interface 1 global 
                                                            interrupt
  152 0000016C 00000000        DCD              SAI2_IRQHandler ; Serial Audio 
                                                            Interface 2 global 
                                                            interrupt
  153 00000170 00000000        DCD              SWPMI1_IRQHandler ; Serial Wire
                                                             Interface 1 global
                                                             interrupt
  154 00000174 00000000        DCD              TSC_IRQHandler ; Touch Sense Co
                                                            ntroller global int
                                                            errupt
  155 00000178 00000000        DCD              LCD_IRQHandler ; LCD global int
                                                            errupt
  156 0000017C 00000000        DCD              0           ; Reserved         
                                                                   
  157 00000180 00000000        DCD              RNG_IRQHandler ; RNG global int
                                                            errupt
  158 00000184 00000000        DCD              FPU_IRQHandler ; FPU
  159 00000188         
  160 00000188         __Vectors_End
  161 00000188         
  162 00000188 00000188 
                       __Vectors_Size
                               EQU              __Vectors_End - __Vectors
  163 00000188         
  164 00000188                 AREA             |.text|, CODE, READONLY
  165 00000000         
  166 00000000         ; Reset handler
  167 00000000         Reset_Handler
                               PROC
  168 00000000                 EXPORT           Reset_Handler             [WEAK
]
  169 00000000                 IMPORT           SystemInit
  170 00000000                 IMPORT           __main
  171 00000000         
  172 00000000 4810            LDR              R0, =0x2000FFF0 ;  CIPHER_ADDR 
                                                            @ END_OF_SRAM1 - RA
                                                            M
  173 00000002 4911            LDR              R1, =0xA7ABE12C ;  ATABE R K - 
                                                            The MAGIC_CIPHER - 
                                                            32bit - 4 Byte
  174 00000004 6802            LDR              R2, [R0, #0] ;  Take the value 
                                                            in the CIPHER_ADDR 
                                                            to check 
  175 00000006         ;   whether the MAGIC_CIPHER is written
  176 00000006 6000            STR              R0, [R0, #0] ;  Write itself on
                                                            to itself to avoid 
                                                            repetitive triggeri
                                                            ng
  177 00000008 428A            CMP              R2, R1      ;  CHECKING PROCCES



ARM Macro Assembler    Page 6 


                                                            S
  178 0000000A D0FE            BEQ              Reboot_Loader ;  IF true: Execu
                                                            te Reboot_Loader, b
                                                            elow.
  179 0000000C         
  180 0000000C 480F            LDR              R0, =SystemInit
  181 0000000E 4780            BLX              R0
  182 00000010 480F            LDR              R0, =__main
  183 00000012 4700            BX               R0
  184 00000014                 ENDP
  185 00000014         
  186 00000014         ; Reboot_Loader
  187 00000014         Reboot_Loader
                               PROC
  188 00000014                 EXPORT           Reboot_Loader
  189 00000014         
  190 00000014 480F            LDR              R0, =0x40021060 ; RCC_APB2ENR
  191 00000016 F04F 0101       LDR              R1, =0x00000001 ; ENABLE SYSCFG
                                                             CLOCK
  192 0000001A 6001            STR              R1, [R0, #0]
  193 0000001C         
  194 0000001C 480E            LDR              R0, =0x40010000 ; SYSCFG_MEMRMP
                                                            
  195 0000001E F04F 0101       LDR              R1, =0x00000001 
                                                            ; MAP ROM AT ZERO
  196 00000022 6001            STR              R1, [R0, #0]
  197 00000024 480D            LDR              R0, =0x1FFF0000 ; SYSTEM_MEMORY
                                                            _STARTING_ADDR
  198 00000026 F8D0 D000       LDR              SP,[R0, #0] ; SP @ +0
  199 0000002A 6840            LDR              R0,[R0, #4] ; PC @ +4 - RESET V
                                                            ECTOR
  200 0000002C 4700            BX               R0
  201 0000002E         
  202 0000002E                 ENDP
  203 0000002E         
  204 0000002E         ; Dummy Exception Handlers (infinite loops which can be 
                       modified)
  205 0000002E         
  206 0000002E         NMI_Handler
                               PROC
  207 0000002E                 EXPORT           NMI_Handler                [WEA
K]
  208 0000002E E7FE            B                .
  209 00000030                 ENDP
  211 00000030         HardFault_Handler
                               PROC
  212 00000030                 EXPORT           HardFault_Handler          [WEA
K]
  213 00000030 E7FE            B                .
  214 00000032                 ENDP
  216 00000032         MemManage_Handler
                               PROC
  217 00000032                 EXPORT           MemManage_Handler          [WEA
K]
  218 00000032 E7FE            B                .
  219 00000034                 ENDP
  221 00000034         BusFault_Handler
                               PROC
  222 00000034                 EXPORT           BusFault_Handler           [WEA



ARM Macro Assembler    Page 7 


K]
  223 00000034 E7FE            B                .
  224 00000036                 ENDP
  226 00000036         UsageFault_Handler
                               PROC
  227 00000036                 EXPORT           UsageFault_Handler         [WEA
K]
  228 00000036 E7FE            B                .
  229 00000038                 ENDP
  230 00000038         SVC_Handler
                               PROC
  231 00000038                 EXPORT           SVC_Handler                [WEA
K]
  232 00000038 E7FE            B                .
  233 0000003A                 ENDP
  235 0000003A         DebugMon_Handler
                               PROC
  236 0000003A                 EXPORT           DebugMon_Handler           [WEA
K]
  237 0000003A E7FE            B                .
  238 0000003C                 ENDP
  239 0000003C         PendSV_Handler
                               PROC
  240 0000003C                 EXPORT           PendSV_Handler             [WEA
K]
  241 0000003C E7FE            B                .
  242 0000003E                 ENDP
  243 0000003E         SysTick_Handler
                               PROC
  244 0000003E                 EXPORT           SysTick_Handler            [WEA
K]
  245 0000003E E7FE            B                .
  246 00000040                 ENDP
  247 00000040         
  248 00000040         Default_Handler
                               PROC
  249 00000040         
  250 00000040                 EXPORT           WWDG_IRQHandler                
   [WEAK]
  251 00000040                 EXPORT           PVD_PVM_IRQHandler             
   [WEAK]
  252 00000040                 EXPORT           TAMP_STAMP_IRQHandler          
   [WEAK]
  253 00000040                 EXPORT           RTC_WKUP_IRQHandler            
   [WEAK]
  254 00000040                 EXPORT           FLASH_IRQHandler               
   [WEAK]
  255 00000040                 EXPORT           RCC_IRQHandler                 
   [WEAK]
  256 00000040                 EXPORT           EXTI0_IRQHandler               
   [WEAK]
  257 00000040                 EXPORT           EXTI1_IRQHandler               
   [WEAK]
  258 00000040                 EXPORT           EXTI2_IRQHandler               
   [WEAK]
  259 00000040                 EXPORT           EXTI3_IRQHandler               
   [WEAK]
  260 00000040                 EXPORT           EXTI4_IRQHandler               
   [WEAK]



ARM Macro Assembler    Page 8 


  261 00000040                 EXPORT           DMA1_Channel1_IRQHandler       
   [WEAK]
  262 00000040                 EXPORT           DMA1_Channel2_IRQHandler       
   [WEAK]
  263 00000040                 EXPORT           DMA1_Channel3_IRQHandler       
   [WEAK]
  264 00000040                 EXPORT           DMA1_Channel4_IRQHandler       
   [WEAK]
  265 00000040                 EXPORT           DMA1_Channel5_IRQHandler       
   [WEAK]
  266 00000040                 EXPORT           DMA1_Channel6_IRQHandler       
   [WEAK]
  267 00000040                 EXPORT           DMA1_Channel7_IRQHandler       
   [WEAK]
  268 00000040                 EXPORT           ADC1_2_IRQHandler              
   [WEAK]
  269 00000040                 EXPORT           CAN1_TX_IRQHandler             
   [WEAK]
  270 00000040                 EXPORT           CAN1_RX0_IRQHandler            
   [WEAK]
  271 00000040                 EXPORT           CAN1_RX1_IRQHandler            
   [WEAK]
  272 00000040                 EXPORT           CAN1_SCE_IRQHandler            
   [WEAK]
  273 00000040                 EXPORT           EXTI9_5_IRQHandler             
   [WEAK]
  274 00000040                 EXPORT           TIM1_BRK_TIM15_IRQHandler      
   [WEAK]
  275 00000040                 EXPORT           TIM1_UP_TIM16_IRQHandler       
   [WEAK]
  276 00000040                 EXPORT           TIM1_TRG_COM_TIM17_IRQHandler  
   [WEAK]
  277 00000040                 EXPORT           TIM1_CC_IRQHandler             
   [WEAK]
  278 00000040                 EXPORT           TIM2_IRQHandler                
   [WEAK]
  279 00000040                 EXPORT           TIM3_IRQHandler                
   [WEAK]
  280 00000040                 EXPORT           TIM4_IRQHandler                
   [WEAK]
  281 00000040                 EXPORT           I2C1_EV_IRQHandler             
   [WEAK]
  282 00000040                 EXPORT           I2C1_ER_IRQHandler             
   [WEAK]
  283 00000040                 EXPORT           I2C2_EV_IRQHandler             
   [WEAK]
  284 00000040                 EXPORT           I2C2_ER_IRQHandler             
   [WEAK]
  285 00000040                 EXPORT           SPI1_IRQHandler                
   [WEAK]
  286 00000040                 EXPORT           SPI2_IRQHandler                
   [WEAK]
  287 00000040                 EXPORT           USART1_IRQHandler              
   [WEAK]
  288 00000040                 EXPORT           USART2_IRQHandler              
   [WEAK]
  289 00000040                 EXPORT           USART3_IRQHandler              
   [WEAK]
  290 00000040                 EXPORT           EXTI15_10_IRQHandler           



ARM Macro Assembler    Page 9 


   [WEAK]
  291 00000040                 EXPORT           RTC_Alarm_IRQHandler           
   [WEAK]
  292 00000040                 EXPORT           DFSDM1_FLT3_IRQHandler         
   [WEAK]
  293 00000040                 EXPORT           TIM8_BRK_IRQHandler            
   [WEAK]
  294 00000040                 EXPORT           TIM8_UP_IRQHandler             
   [WEAK]
  295 00000040                 EXPORT           TIM8_TRG_COM_IRQHandler        
   [WEAK]
  296 00000040                 EXPORT           TIM8_CC_IRQHandler             
   [WEAK]
  297 00000040                 EXPORT           ADC3_IRQHandler                
   [WEAK]
  298 00000040                 EXPORT           FMC_IRQHandler                 
   [WEAK]
  299 00000040                 EXPORT           SDMMC1_IRQHandler              
   [WEAK]
  300 00000040                 EXPORT           TIM5_IRQHandler                
   [WEAK]
  301 00000040                 EXPORT           SPI3_IRQHandler                
   [WEAK]
  302 00000040                 EXPORT           UART4_IRQHandler               
   [WEAK]
  303 00000040                 EXPORT           UART5_IRQHandler               
   [WEAK]
  304 00000040                 EXPORT           TIM6_DAC_IRQHandler            
   [WEAK]
  305 00000040                 EXPORT           TIM7_IRQHandler                
   [WEAK]
  306 00000040                 EXPORT           DMA2_Channel1_IRQHandler       
   [WEAK]
  307 00000040                 EXPORT           DMA2_Channel2_IRQHandler       
   [WEAK]
  308 00000040                 EXPORT           DMA2_Channel3_IRQHandler       
   [WEAK]
  309 00000040                 EXPORT           DMA2_Channel4_IRQHandler       
   [WEAK]
  310 00000040                 EXPORT           DMA2_Channel5_IRQHandler       
   [WEAK]
  311 00000040                 EXPORT           DFSDM1_FLT0_IRQHandler         
   [WEAK]
  312 00000040                 EXPORT           DFSDM1_FLT1_IRQHandler         
   [WEAK]
  313 00000040                 EXPORT           DFSDM1_FLT2_IRQHandler         
   [WEAK]
  314 00000040                 EXPORT           COMP_IRQHandler                
   [WEAK]
  315 00000040                 EXPORT           LPTIM1_IRQHandler              
   [WEAK]
  316 00000040                 EXPORT           LPTIM2_IRQHandler              
   [WEAK]
  317 00000040                 EXPORT           OTG_FS_IRQHandler              
   [WEAK]
  318 00000040                 EXPORT           DMA2_Channel6_IRQHandler       
   [WEAK]
  319 00000040                 EXPORT           DMA2_Channel7_IRQHandler       
   [WEAK]



ARM Macro Assembler    Page 10 


  320 00000040                 EXPORT           LPUART1_IRQHandler             
   [WEAK]
  321 00000040                 EXPORT           QUADSPI_IRQHandler             
   [WEAK]
  322 00000040                 EXPORT           I2C3_EV_IRQHandler             
   [WEAK]
  323 00000040                 EXPORT           I2C3_ER_IRQHandler             
   [WEAK]
  324 00000040                 EXPORT           SAI1_IRQHandler                
   [WEAK]
  325 00000040                 EXPORT           SAI2_IRQHandler                
   [WEAK]
  326 00000040                 EXPORT           SWPMI1_IRQHandler              
   [WEAK]
  327 00000040                 EXPORT           TSC_IRQHandler                 
   [WEAK]
  328 00000040                 EXPORT           LCD_IRQHandler                 
   [WEAK]
  329 00000040                 EXPORT           RNG_IRQHandler                 
   [WEAK]
  330 00000040                 EXPORT           FPU_IRQHandler                 
   [WEAK]
  331 00000040         
  332 00000040         WWDG_IRQHandler
  333 00000040         PVD_PVM_IRQHandler
  334 00000040         TAMP_STAMP_IRQHandler
  335 00000040         RTC_WKUP_IRQHandler
  336 00000040         FLASH_IRQHandler
  337 00000040         RCC_IRQHandler
  338 00000040         EXTI0_IRQHandler
  339 00000040         EXTI1_IRQHandler
  340 00000040         EXTI2_IRQHandler
  341 00000040         EXTI3_IRQHandler
  342 00000040         EXTI4_IRQHandler
  343 00000040         DMA1_Channel1_IRQHandler
  344 00000040         DMA1_Channel2_IRQHandler
  345 00000040         DMA1_Channel3_IRQHandler
  346 00000040         DMA1_Channel4_IRQHandler
  347 00000040         DMA1_Channel5_IRQHandler
  348 00000040         DMA1_Channel6_IRQHandler
  349 00000040         DMA1_Channel7_IRQHandler
  350 00000040         ADC1_2_IRQHandler
  351 00000040         CAN1_TX_IRQHandler
  352 00000040         CAN1_RX0_IRQHandler
  353 00000040         CAN1_RX1_IRQHandler
  354 00000040         CAN1_SCE_IRQHandler
  355 00000040         EXTI9_5_IRQHandler
  356 00000040         TIM1_BRK_TIM15_IRQHandler
  357 00000040         TIM1_UP_TIM16_IRQHandler
  358 00000040         TIM1_TRG_COM_TIM17_IRQHandler
  359 00000040         TIM1_CC_IRQHandler
  360 00000040         TIM2_IRQHandler
  361 00000040         TIM3_IRQHandler
  362 00000040         TIM4_IRQHandler
  363 00000040         I2C1_EV_IRQHandler
  364 00000040         I2C1_ER_IRQHandler
  365 00000040         I2C2_EV_IRQHandler
  366 00000040         I2C2_ER_IRQHandler
  367 00000040         SPI1_IRQHandler



ARM Macro Assembler    Page 11 


  368 00000040         SPI2_IRQHandler
  369 00000040         USART1_IRQHandler
  370 00000040         USART2_IRQHandler
  371 00000040         USART3_IRQHandler
  372 00000040         EXTI15_10_IRQHandler
  373 00000040         RTC_Alarm_IRQHandler
  374 00000040         DFSDM1_FLT3_IRQHandler
  375 00000040         TIM8_BRK_IRQHandler
  376 00000040         TIM8_UP_IRQHandler
  377 00000040         TIM8_TRG_COM_IRQHandler
  378 00000040         TIM8_CC_IRQHandler
  379 00000040         ADC3_IRQHandler
  380 00000040         FMC_IRQHandler
  381 00000040         SDMMC1_IRQHandler
  382 00000040         TIM5_IRQHandler
  383 00000040         SPI3_IRQHandler
  384 00000040         UART4_IRQHandler
  385 00000040         UART5_IRQHandler
  386 00000040         TIM6_DAC_IRQHandler
  387 00000040         TIM7_IRQHandler
  388 00000040         DMA2_Channel1_IRQHandler
  389 00000040         DMA2_Channel2_IRQHandler
  390 00000040         DMA2_Channel3_IRQHandler
  391 00000040         DMA2_Channel4_IRQHandler
  392 00000040         DMA2_Channel5_IRQHandler
  393 00000040         DFSDM1_FLT0_IRQHandler
  394 00000040         DFSDM1_FLT1_IRQHandler
  395 00000040         DFSDM1_FLT2_IRQHandler
  396 00000040         COMP_IRQHandler
  397 00000040         LPTIM1_IRQHandler
  398 00000040         LPTIM2_IRQHandler
  399 00000040         OTG_FS_IRQHandler
  400 00000040         DMA2_Channel6_IRQHandler
  401 00000040         DMA2_Channel7_IRQHandler
  402 00000040         LPUART1_IRQHandler
  403 00000040         QUADSPI_IRQHandler
  404 00000040         I2C3_EV_IRQHandler
  405 00000040         I2C3_ER_IRQHandler
  406 00000040         SAI1_IRQHandler
  407 00000040         SAI2_IRQHandler
  408 00000040         SWPMI1_IRQHandler
  409 00000040         TSC_IRQHandler
  410 00000040         LCD_IRQHandler
  411 00000040         RNG_IRQHandler
  412 00000040         FPU_IRQHandler
  413 00000040         
  414 00000040 E7FE            B                .
  415 00000042         
  416 00000042                 ENDP
  417 00000042         
  418 00000042 00 00           ALIGN
  419 00000044         
  420 00000044         ;*******************************************************
                       ************************
  421 00000044         ; User Stack and Heap initialization
  422 00000044         ;*******************************************************
                       ************************
  423 00000044                 IF               :DEF:__MICROLIB
  424 00000044         



ARM Macro Assembler    Page 12 


  425 00000044                 EXPORT           __initial_sp
  426 00000044                 EXPORT           __heap_base
  427 00000044                 EXPORT           __heap_limit
  428 00000044         
  429 00000044                 ELSE
  444                          ENDIF
  445 00000044         
  446 00000044                 END
              2000FFF0 
              A7ABE12C 
              00000000 
              00000000 
              40021060 
              40010000 
              1FFF0000 
Command Line: --debug --xref --diag_suppress=9931 --cpu=Cortex-M4.fp.sp --apcs=
interwork --depend=buffer\startup_stm32l476xx.d -obuffer\startup_stm32l476xx.o 
-I.\RTE\_Buffer -IC:\Users\atabe\AppData\Local\Arm\Packs\ARM\CMSIS\5.6.0\CMSIS\
Core\Include -IC:\Users\atabe\AppData\Local\Arm\Packs\Keil\STM32L4xx_DFP\2.2.0\
Drivers\CMSIS\Device\ST\STM32L4xx\Include --predefine="__EVAL SETA 1" --predefi
ne="__MICROLIB SETA 1" --predefine="__UVISION_VERSION SETA 529" --predefine="_R
TE_ SETA 1" --predefine="STM32L476xx SETA 1" --list=startup_stm32l476xx.lst sta
rtup_stm32l476xx.s



ARM Macro Assembler    Page 1 Alphabetic symbol ordering
Relocatable symbols

STACK 00000000

Symbol: STACK
   Definitions
      At line 33 in file startup_stm32l476xx.s
   Uses
      None
Comment: STACK unused
Stack_Mem 00000000

Symbol: Stack_Mem
   Definitions
      At line 34 in file startup_stm32l476xx.s
   Uses
      None
Comment: Stack_Mem unused
__initial_sp 00000400

Symbol: __initial_sp
   Definitions
      At line 35 in file startup_stm32l476xx.s
   Uses
      At line 59 in file startup_stm32l476xx.s
      At line 425 in file startup_stm32l476xx.s

3 symbols



ARM Macro Assembler    Page 1 Alphabetic symbol ordering
Relocatable symbols

HEAP 00000000

Symbol: HEAP
   Definitions
      At line 44 in file startup_stm32l476xx.s
   Uses
      None
Comment: HEAP unused
Heap_Mem 00000000

Symbol: Heap_Mem
   Definitions
      At line 46 in file startup_stm32l476xx.s
   Uses
      None
Comment: Heap_Mem unused
__heap_base 00000000

Symbol: __heap_base
   Definitions
      At line 45 in file startup_stm32l476xx.s
   Uses
      At line 426 in file startup_stm32l476xx.s
Comment: __heap_base used once
__heap_limit 00000200

Symbol: __heap_limit
   Definitions
      At line 47 in file startup_stm32l476xx.s
   Uses
      At line 427 in file startup_stm32l476xx.s
Comment: __heap_limit used once
4 symbols



ARM Macro Assembler    Page 1 Alphabetic symbol ordering
Relocatable symbols

RESET 00000000

Symbol: RESET
   Definitions
      At line 54 in file startup_stm32l476xx.s
   Uses
      None
Comment: RESET unused
__Vectors 00000000

Symbol: __Vectors
   Definitions
      At line 59 in file startup_stm32l476xx.s
   Uses
      At line 55 in file startup_stm32l476xx.s
      At line 162 in file startup_stm32l476xx.s

__Vectors_End 00000188

Symbol: __Vectors_End
   Definitions
      At line 160 in file startup_stm32l476xx.s
   Uses
      At line 56 in file startup_stm32l476xx.s
      At line 162 in file startup_stm32l476xx.s

3 symbols



ARM Macro Assembler    Page 1 Alphabetic symbol ordering
Relocatable symbols

.text 00000000

Symbol: .text
   Definitions
      At line 164 in file startup_stm32l476xx.s
   Uses
      None
Comment: .text unused
ADC1_2_IRQHandler 00000040

Symbol: ADC1_2_IRQHandler
   Definitions
      At line 350 in file startup_stm32l476xx.s
   Uses
      At line 95 in file startup_stm32l476xx.s
      At line 268 in file startup_stm32l476xx.s

ADC3_IRQHandler 00000040

Symbol: ADC3_IRQHandler
   Definitions
      At line 379 in file startup_stm32l476xx.s
   Uses
      At line 124 in file startup_stm32l476xx.s
      At line 297 in file startup_stm32l476xx.s

BusFault_Handler 00000034

Symbol: BusFault_Handler
   Definitions
      At line 221 in file startup_stm32l476xx.s
   Uses
      At line 64 in file startup_stm32l476xx.s
      At line 222 in file startup_stm32l476xx.s

CAN1_RX0_IRQHandler 00000040

Symbol: CAN1_RX0_IRQHandler
   Definitions
      At line 352 in file startup_stm32l476xx.s
   Uses
      At line 97 in file startup_stm32l476xx.s
      At line 270 in file startup_stm32l476xx.s

CAN1_RX1_IRQHandler 00000040

Symbol: CAN1_RX1_IRQHandler
   Definitions
      At line 353 in file startup_stm32l476xx.s
   Uses
      At line 98 in file startup_stm32l476xx.s
      At line 271 in file startup_stm32l476xx.s

CAN1_SCE_IRQHandler 00000040

Symbol: CAN1_SCE_IRQHandler
   Definitions
      At line 354 in file startup_stm32l476xx.s
   Uses



ARM Macro Assembler    Page 2 Alphabetic symbol ordering
Relocatable symbols

      At line 99 in file startup_stm32l476xx.s
      At line 272 in file startup_stm32l476xx.s

CAN1_TX_IRQHandler 00000040

Symbol: CAN1_TX_IRQHandler
   Definitions
      At line 351 in file startup_stm32l476xx.s
   Uses
      At line 96 in file startup_stm32l476xx.s
      At line 269 in file startup_stm32l476xx.s

COMP_IRQHandler 00000040

Symbol: COMP_IRQHandler
   Definitions
      At line 396 in file startup_stm32l476xx.s
   Uses
      At line 141 in file startup_stm32l476xx.s
      At line 314 in file startup_stm32l476xx.s

DFSDM1_FLT0_IRQHandler 00000040

Symbol: DFSDM1_FLT0_IRQHandler
   Definitions
      At line 393 in file startup_stm32l476xx.s
   Uses
      At line 138 in file startup_stm32l476xx.s
      At line 311 in file startup_stm32l476xx.s

DFSDM1_FLT1_IRQHandler 00000040

Symbol: DFSDM1_FLT1_IRQHandler
   Definitions
      At line 394 in file startup_stm32l476xx.s
   Uses
      At line 139 in file startup_stm32l476xx.s
      At line 312 in file startup_stm32l476xx.s

DFSDM1_FLT2_IRQHandler 00000040

Symbol: DFSDM1_FLT2_IRQHandler
   Definitions
      At line 395 in file startup_stm32l476xx.s
   Uses
      At line 140 in file startup_stm32l476xx.s
      At line 313 in file startup_stm32l476xx.s

DFSDM1_FLT3_IRQHandler 00000040

Symbol: DFSDM1_FLT3_IRQHandler
   Definitions
      At line 374 in file startup_stm32l476xx.s
   Uses
      At line 119 in file startup_stm32l476xx.s
      At line 292 in file startup_stm32l476xx.s

DMA1_Channel1_IRQHandler 00000040




ARM Macro Assembler    Page 3 Alphabetic symbol ordering
Relocatable symbols

Symbol: DMA1_Channel1_IRQHandler
   Definitions
      At line 343 in file startup_stm32l476xx.s
   Uses
      At line 88 in file startup_stm32l476xx.s
      At line 261 in file startup_stm32l476xx.s

DMA1_Channel2_IRQHandler 00000040

Symbol: DMA1_Channel2_IRQHandler
   Definitions
      At line 344 in file startup_stm32l476xx.s
   Uses
      At line 89 in file startup_stm32l476xx.s
      At line 262 in file startup_stm32l476xx.s

DMA1_Channel3_IRQHandler 00000040

Symbol: DMA1_Channel3_IRQHandler
   Definitions
      At line 345 in file startup_stm32l476xx.s
   Uses
      At line 90 in file startup_stm32l476xx.s
      At line 263 in file startup_stm32l476xx.s

DMA1_Channel4_IRQHandler 00000040

Symbol: DMA1_Channel4_IRQHandler
   Definitions
      At line 346 in file startup_stm32l476xx.s
   Uses
      At line 91 in file startup_stm32l476xx.s
      At line 264 in file startup_stm32l476xx.s

DMA1_Channel5_IRQHandler 00000040

Symbol: DMA1_Channel5_IRQHandler
   Definitions
      At line 347 in file startup_stm32l476xx.s
   Uses
      At line 92 in file startup_stm32l476xx.s
      At line 265 in file startup_stm32l476xx.s

DMA1_Channel6_IRQHandler 00000040

Symbol: DMA1_Channel6_IRQHandler
   Definitions
      At line 348 in file startup_stm32l476xx.s
   Uses
      At line 93 in file startup_stm32l476xx.s
      At line 266 in file startup_stm32l476xx.s

DMA1_Channel7_IRQHandler 00000040

Symbol: DMA1_Channel7_IRQHandler
   Definitions
      At line 349 in file startup_stm32l476xx.s
   Uses
      At line 94 in file startup_stm32l476xx.s



ARM Macro Assembler    Page 4 Alphabetic symbol ordering
Relocatable symbols

      At line 267 in file startup_stm32l476xx.s

DMA2_Channel1_IRQHandler 00000040

Symbol: DMA2_Channel1_IRQHandler
   Definitions
      At line 388 in file startup_stm32l476xx.s
   Uses
      At line 133 in file startup_stm32l476xx.s
      At line 306 in file startup_stm32l476xx.s

DMA2_Channel2_IRQHandler 00000040

Symbol: DMA2_Channel2_IRQHandler
   Definitions
      At line 389 in file startup_stm32l476xx.s
   Uses
      At line 134 in file startup_stm32l476xx.s
      At line 307 in file startup_stm32l476xx.s

DMA2_Channel3_IRQHandler 00000040

Symbol: DMA2_Channel3_IRQHandler
   Definitions
      At line 390 in file startup_stm32l476xx.s
   Uses
      At line 135 in file startup_stm32l476xx.s
      At line 308 in file startup_stm32l476xx.s

DMA2_Channel4_IRQHandler 00000040

Symbol: DMA2_Channel4_IRQHandler
   Definitions
      At line 391 in file startup_stm32l476xx.s
   Uses
      At line 136 in file startup_stm32l476xx.s
      At line 309 in file startup_stm32l476xx.s

DMA2_Channel5_IRQHandler 00000040

Symbol: DMA2_Channel5_IRQHandler
   Definitions
      At line 392 in file startup_stm32l476xx.s
   Uses
      At line 137 in file startup_stm32l476xx.s
      At line 310 in file startup_stm32l476xx.s

DMA2_Channel6_IRQHandler 00000040

Symbol: DMA2_Channel6_IRQHandler
   Definitions
      At line 400 in file startup_stm32l476xx.s
   Uses
      At line 145 in file startup_stm32l476xx.s
      At line 318 in file startup_stm32l476xx.s

DMA2_Channel7_IRQHandler 00000040

Symbol: DMA2_Channel7_IRQHandler



ARM Macro Assembler    Page 5 Alphabetic symbol ordering
Relocatable symbols

   Definitions
      At line 401 in file startup_stm32l476xx.s
   Uses
      At line 146 in file startup_stm32l476xx.s
      At line 319 in file startup_stm32l476xx.s

DebugMon_Handler 0000003A

Symbol: DebugMon_Handler
   Definitions
      At line 235 in file startup_stm32l476xx.s
   Uses
      At line 71 in file startup_stm32l476xx.s
      At line 236 in file startup_stm32l476xx.s

Default_Handler 00000040

Symbol: Default_Handler
   Definitions
      At line 248 in file startup_stm32l476xx.s
   Uses
      None
Comment: Default_Handler unused
EXTI0_IRQHandler 00000040

Symbol: EXTI0_IRQHandler
   Definitions
      At line 338 in file startup_stm32l476xx.s
   Uses
      At line 83 in file startup_stm32l476xx.s
      At line 256 in file startup_stm32l476xx.s

EXTI15_10_IRQHandler 00000040

Symbol: EXTI15_10_IRQHandler
   Definitions
      At line 372 in file startup_stm32l476xx.s
   Uses
      At line 117 in file startup_stm32l476xx.s
      At line 290 in file startup_stm32l476xx.s

EXTI1_IRQHandler 00000040

Symbol: EXTI1_IRQHandler
   Definitions
      At line 339 in file startup_stm32l476xx.s
   Uses
      At line 84 in file startup_stm32l476xx.s
      At line 257 in file startup_stm32l476xx.s

EXTI2_IRQHandler 00000040

Symbol: EXTI2_IRQHandler
   Definitions
      At line 340 in file startup_stm32l476xx.s
   Uses
      At line 85 in file startup_stm32l476xx.s
      At line 258 in file startup_stm32l476xx.s




ARM Macro Assembler    Page 6 Alphabetic symbol ordering
Relocatable symbols

EXTI3_IRQHandler 00000040

Symbol: EXTI3_IRQHandler
   Definitions
      At line 341 in file startup_stm32l476xx.s
   Uses
      At line 86 in file startup_stm32l476xx.s
      At line 259 in file startup_stm32l476xx.s

EXTI4_IRQHandler 00000040

Symbol: EXTI4_IRQHandler
   Definitions
      At line 342 in file startup_stm32l476xx.s
   Uses
      At line 87 in file startup_stm32l476xx.s
      At line 260 in file startup_stm32l476xx.s

EXTI9_5_IRQHandler 00000040

Symbol: EXTI9_5_IRQHandler
   Definitions
      At line 355 in file startup_stm32l476xx.s
   Uses
      At line 100 in file startup_stm32l476xx.s
      At line 273 in file startup_stm32l476xx.s

FLASH_IRQHandler 00000040

Symbol: FLASH_IRQHandler
   Definitions
      At line 336 in file startup_stm32l476xx.s
   Uses
      At line 81 in file startup_stm32l476xx.s
      At line 254 in file startup_stm32l476xx.s

FMC_IRQHandler 00000040

Symbol: FMC_IRQHandler
   Definitions
      At line 380 in file startup_stm32l476xx.s
   Uses
      At line 125 in file startup_stm32l476xx.s
      At line 298 in file startup_stm32l476xx.s

FPU_IRQHandler 00000040

Symbol: FPU_IRQHandler
   Definitions
      At line 412 in file startup_stm32l476xx.s
   Uses
      At line 158 in file startup_stm32l476xx.s
      At line 330 in file startup_stm32l476xx.s

HardFault_Handler 00000030

Symbol: HardFault_Handler
   Definitions
      At line 211 in file startup_stm32l476xx.s



ARM Macro Assembler    Page 7 Alphabetic symbol ordering
Relocatable symbols

   Uses
      At line 62 in file startup_stm32l476xx.s
      At line 212 in file startup_stm32l476xx.s

I2C1_ER_IRQHandler 00000040

Symbol: I2C1_ER_IRQHandler
   Definitions
      At line 364 in file startup_stm32l476xx.s
   Uses
      At line 109 in file startup_stm32l476xx.s
      At line 282 in file startup_stm32l476xx.s

I2C1_EV_IRQHandler 00000040

Symbol: I2C1_EV_IRQHandler
   Definitions
      At line 363 in file startup_stm32l476xx.s
   Uses
      At line 108 in file startup_stm32l476xx.s
      At line 281 in file startup_stm32l476xx.s

I2C2_ER_IRQHandler 00000040

Symbol: I2C2_ER_IRQHandler
   Definitions
      At line 366 in file startup_stm32l476xx.s
   Uses
      At line 111 in file startup_stm32l476xx.s
      At line 284 in file startup_stm32l476xx.s

I2C2_EV_IRQHandler 00000040

Symbol: I2C2_EV_IRQHandler
   Definitions
      At line 365 in file startup_stm32l476xx.s
   Uses
      At line 110 in file startup_stm32l476xx.s
      At line 283 in file startup_stm32l476xx.s

I2C3_ER_IRQHandler 00000040

Symbol: I2C3_ER_IRQHandler
   Definitions
      At line 405 in file startup_stm32l476xx.s
   Uses
      At line 150 in file startup_stm32l476xx.s
      At line 323 in file startup_stm32l476xx.s

I2C3_EV_IRQHandler 00000040

Symbol: I2C3_EV_IRQHandler
   Definitions
      At line 404 in file startup_stm32l476xx.s
   Uses
      At line 149 in file startup_stm32l476xx.s
      At line 322 in file startup_stm32l476xx.s

LCD_IRQHandler 00000040



ARM Macro Assembler    Page 8 Alphabetic symbol ordering
Relocatable symbols


Symbol: LCD_IRQHandler
   Definitions
      At line 410 in file startup_stm32l476xx.s
   Uses
      At line 155 in file startup_stm32l476xx.s
      At line 328 in file startup_stm32l476xx.s

LPTIM1_IRQHandler 00000040

Symbol: LPTIM1_IRQHandler
   Definitions
      At line 397 in file startup_stm32l476xx.s
   Uses
      At line 142 in file startup_stm32l476xx.s
      At line 315 in file startup_stm32l476xx.s

LPTIM2_IRQHandler 00000040

Symbol: LPTIM2_IRQHandler
   Definitions
      At line 398 in file startup_stm32l476xx.s
   Uses
      At line 143 in file startup_stm32l476xx.s
      At line 316 in file startup_stm32l476xx.s

LPUART1_IRQHandler 00000040

Symbol: LPUART1_IRQHandler
   Definitions
      At line 402 in file startup_stm32l476xx.s
   Uses
      At line 147 in file startup_stm32l476xx.s
      At line 320 in file startup_stm32l476xx.s

MemManage_Handler 00000032

Symbol: MemManage_Handler
   Definitions
      At line 216 in file startup_stm32l476xx.s
   Uses
      At line 63 in file startup_stm32l476xx.s
      At line 217 in file startup_stm32l476xx.s

NMI_Handler 0000002E

Symbol: NMI_Handler
   Definitions
      At line 206 in file startup_stm32l476xx.s
   Uses
      At line 61 in file startup_stm32l476xx.s
      At line 207 in file startup_stm32l476xx.s

OTG_FS_IRQHandler 00000040

Symbol: OTG_FS_IRQHandler
   Definitions
      At line 399 in file startup_stm32l476xx.s
   Uses



ARM Macro Assembler    Page 9 Alphabetic symbol ordering
Relocatable symbols

      At line 144 in file startup_stm32l476xx.s
      At line 317 in file startup_stm32l476xx.s

PVD_PVM_IRQHandler 00000040

Symbol: PVD_PVM_IRQHandler
   Definitions
      At line 333 in file startup_stm32l476xx.s
   Uses
      At line 78 in file startup_stm32l476xx.s
      At line 251 in file startup_stm32l476xx.s

PendSV_Handler 0000003C

Symbol: PendSV_Handler
   Definitions
      At line 239 in file startup_stm32l476xx.s
   Uses
      At line 73 in file startup_stm32l476xx.s
      At line 240 in file startup_stm32l476xx.s

QUADSPI_IRQHandler 00000040

Symbol: QUADSPI_IRQHandler
   Definitions
      At line 403 in file startup_stm32l476xx.s
   Uses
      At line 148 in file startup_stm32l476xx.s
      At line 321 in file startup_stm32l476xx.s

RCC_IRQHandler 00000040

Symbol: RCC_IRQHandler
   Definitions
      At line 337 in file startup_stm32l476xx.s
   Uses
      At line 82 in file startup_stm32l476xx.s
      At line 255 in file startup_stm32l476xx.s

RNG_IRQHandler 00000040

Symbol: RNG_IRQHandler
   Definitions
      At line 411 in file startup_stm32l476xx.s
   Uses
      At line 157 in file startup_stm32l476xx.s
      At line 329 in file startup_stm32l476xx.s

RTC_Alarm_IRQHandler 00000040

Symbol: RTC_Alarm_IRQHandler
   Definitions
      At line 373 in file startup_stm32l476xx.s
   Uses
      At line 118 in file startup_stm32l476xx.s
      At line 291 in file startup_stm32l476xx.s

RTC_WKUP_IRQHandler 00000040




ARM Macro Assembler    Page 10 Alphabetic symbol ordering
Relocatable symbols

Symbol: RTC_WKUP_IRQHandler
   Definitions
      At line 335 in file startup_stm32l476xx.s
   Uses
      At line 80 in file startup_stm32l476xx.s
      At line 253 in file startup_stm32l476xx.s

Reboot_Loader 00000014

Symbol: Reboot_Loader
   Definitions
      At line 187 in file startup_stm32l476xx.s
   Uses
      At line 178 in file startup_stm32l476xx.s
      At line 188 in file startup_stm32l476xx.s

Reset_Handler 00000000

Symbol: Reset_Handler
   Definitions
      At line 167 in file startup_stm32l476xx.s
   Uses
      At line 60 in file startup_stm32l476xx.s
      At line 168 in file startup_stm32l476xx.s

SAI1_IRQHandler 00000040

Symbol: SAI1_IRQHandler
   Definitions
      At line 406 in file startup_stm32l476xx.s
   Uses
      At line 151 in file startup_stm32l476xx.s
      At line 324 in file startup_stm32l476xx.s

SAI2_IRQHandler 00000040

Symbol: SAI2_IRQHandler
   Definitions
      At line 407 in file startup_stm32l476xx.s
   Uses
      At line 152 in file startup_stm32l476xx.s
      At line 325 in file startup_stm32l476xx.s

SDMMC1_IRQHandler 00000040

Symbol: SDMMC1_IRQHandler
   Definitions
      At line 381 in file startup_stm32l476xx.s
   Uses
      At line 126 in file startup_stm32l476xx.s
      At line 299 in file startup_stm32l476xx.s

SPI1_IRQHandler 00000040

Symbol: SPI1_IRQHandler
   Definitions
      At line 367 in file startup_stm32l476xx.s
   Uses
      At line 112 in file startup_stm32l476xx.s



ARM Macro Assembler    Page 11 Alphabetic symbol ordering
Relocatable symbols

      At line 285 in file startup_stm32l476xx.s

SPI2_IRQHandler 00000040

Symbol: SPI2_IRQHandler
   Definitions
      At line 368 in file startup_stm32l476xx.s
   Uses
      At line 113 in file startup_stm32l476xx.s
      At line 286 in file startup_stm32l476xx.s

SPI3_IRQHandler 00000040

Symbol: SPI3_IRQHandler
   Definitions
      At line 383 in file startup_stm32l476xx.s
   Uses
      At line 128 in file startup_stm32l476xx.s
      At line 301 in file startup_stm32l476xx.s

SVC_Handler 00000038

Symbol: SVC_Handler
   Definitions
      At line 230 in file startup_stm32l476xx.s
   Uses
      At line 70 in file startup_stm32l476xx.s
      At line 231 in file startup_stm32l476xx.s

SWPMI1_IRQHandler 00000040

Symbol: SWPMI1_IRQHandler
   Definitions
      At line 408 in file startup_stm32l476xx.s
   Uses
      At line 153 in file startup_stm32l476xx.s
      At line 326 in file startup_stm32l476xx.s

SysTick_Handler 0000003E

Symbol: SysTick_Handler
   Definitions
      At line 243 in file startup_stm32l476xx.s
   Uses
      At line 74 in file startup_stm32l476xx.s
      At line 244 in file startup_stm32l476xx.s

TAMP_STAMP_IRQHandler 00000040

Symbol: TAMP_STAMP_IRQHandler
   Definitions
      At line 334 in file startup_stm32l476xx.s
   Uses
      At line 79 in file startup_stm32l476xx.s
      At line 252 in file startup_stm32l476xx.s

TIM1_BRK_TIM15_IRQHandler 00000040

Symbol: TIM1_BRK_TIM15_IRQHandler



ARM Macro Assembler    Page 12 Alphabetic symbol ordering
Relocatable symbols

   Definitions
      At line 356 in file startup_stm32l476xx.s
   Uses
      At line 101 in file startup_stm32l476xx.s
      At line 274 in file startup_stm32l476xx.s

TIM1_CC_IRQHandler 00000040

Symbol: TIM1_CC_IRQHandler
   Definitions
      At line 359 in file startup_stm32l476xx.s
   Uses
      At line 104 in file startup_stm32l476xx.s
      At line 277 in file startup_stm32l476xx.s

TIM1_TRG_COM_TIM17_IRQHandler 00000040

Symbol: TIM1_TRG_COM_TIM17_IRQHandler
   Definitions
      At line 358 in file startup_stm32l476xx.s
   Uses
      At line 103 in file startup_stm32l476xx.s
      At line 276 in file startup_stm32l476xx.s

TIM1_UP_TIM16_IRQHandler 00000040

Symbol: TIM1_UP_TIM16_IRQHandler
   Definitions
      At line 357 in file startup_stm32l476xx.s
   Uses
      At line 102 in file startup_stm32l476xx.s
      At line 275 in file startup_stm32l476xx.s

TIM2_IRQHandler 00000040

Symbol: TIM2_IRQHandler
   Definitions
      At line 360 in file startup_stm32l476xx.s
   Uses
      At line 105 in file startup_stm32l476xx.s
      At line 278 in file startup_stm32l476xx.s

TIM3_IRQHandler 00000040

Symbol: TIM3_IRQHandler
   Definitions
      At line 361 in file startup_stm32l476xx.s
   Uses
      At line 106 in file startup_stm32l476xx.s
      At line 279 in file startup_stm32l476xx.s

TIM4_IRQHandler 00000040

Symbol: TIM4_IRQHandler
   Definitions
      At line 362 in file startup_stm32l476xx.s
   Uses
      At line 107 in file startup_stm32l476xx.s
      At line 280 in file startup_stm32l476xx.s



ARM Macro Assembler    Page 13 Alphabetic symbol ordering
Relocatable symbols


TIM5_IRQHandler 00000040

Symbol: TIM5_IRQHandler
   Definitions
      At line 382 in file startup_stm32l476xx.s
   Uses
      At line 127 in file startup_stm32l476xx.s
      At line 300 in file startup_stm32l476xx.s

TIM6_DAC_IRQHandler 00000040

Symbol: TIM6_DAC_IRQHandler
   Definitions
      At line 386 in file startup_stm32l476xx.s
   Uses
      At line 131 in file startup_stm32l476xx.s
      At line 304 in file startup_stm32l476xx.s

TIM7_IRQHandler 00000040

Symbol: TIM7_IRQHandler
   Definitions
      At line 387 in file startup_stm32l476xx.s
   Uses
      At line 132 in file startup_stm32l476xx.s
      At line 305 in file startup_stm32l476xx.s

TIM8_BRK_IRQHandler 00000040

Symbol: TIM8_BRK_IRQHandler
   Definitions
      At line 375 in file startup_stm32l476xx.s
   Uses
      At line 120 in file startup_stm32l476xx.s
      At line 293 in file startup_stm32l476xx.s

TIM8_CC_IRQHandler 00000040

Symbol: TIM8_CC_IRQHandler
   Definitions
      At line 378 in file startup_stm32l476xx.s
   Uses
      At line 123 in file startup_stm32l476xx.s
      At line 296 in file startup_stm32l476xx.s

TIM8_TRG_COM_IRQHandler 00000040

Symbol: TIM8_TRG_COM_IRQHandler
   Definitions
      At line 377 in file startup_stm32l476xx.s
   Uses
      At line 122 in file startup_stm32l476xx.s
      At line 295 in file startup_stm32l476xx.s

TIM8_UP_IRQHandler 00000040

Symbol: TIM8_UP_IRQHandler
   Definitions



ARM Macro Assembler    Page 14 Alphabetic symbol ordering
Relocatable symbols

      At line 376 in file startup_stm32l476xx.s
   Uses
      At line 121 in file startup_stm32l476xx.s
      At line 294 in file startup_stm32l476xx.s

TSC_IRQHandler 00000040

Symbol: TSC_IRQHandler
   Definitions
      At line 409 in file startup_stm32l476xx.s
   Uses
      At line 154 in file startup_stm32l476xx.s
      At line 327 in file startup_stm32l476xx.s

UART4_IRQHandler 00000040

Symbol: UART4_IRQHandler
   Definitions
      At line 384 in file startup_stm32l476xx.s
   Uses
      At line 129 in file startup_stm32l476xx.s
      At line 302 in file startup_stm32l476xx.s

UART5_IRQHandler 00000040

Symbol: UART5_IRQHandler
   Definitions
      At line 385 in file startup_stm32l476xx.s
   Uses
      At line 130 in file startup_stm32l476xx.s
      At line 303 in file startup_stm32l476xx.s

USART1_IRQHandler 00000040

Symbol: USART1_IRQHandler
   Definitions
      At line 369 in file startup_stm32l476xx.s
   Uses
      At line 114 in file startup_stm32l476xx.s
      At line 287 in file startup_stm32l476xx.s

USART2_IRQHandler 00000040

Symbol: USART2_IRQHandler
   Definitions
      At line 370 in file startup_stm32l476xx.s
   Uses
      At line 115 in file startup_stm32l476xx.s
      At line 288 in file startup_stm32l476xx.s

USART3_IRQHandler 00000040

Symbol: USART3_IRQHandler
   Definitions
      At line 371 in file startup_stm32l476xx.s
   Uses
      At line 116 in file startup_stm32l476xx.s
      At line 289 in file startup_stm32l476xx.s




ARM Macro Assembler    Page 15 Alphabetic symbol ordering
Relocatable symbols

UsageFault_Handler 00000036

Symbol: UsageFault_Handler
   Definitions
      At line 226 in file startup_stm32l476xx.s
   Uses
      At line 65 in file startup_stm32l476xx.s
      At line 227 in file startup_stm32l476xx.s

WWDG_IRQHandler 00000040

Symbol: WWDG_IRQHandler
   Definitions
      At line 332 in file startup_stm32l476xx.s
   Uses
      At line 77 in file startup_stm32l476xx.s
      At line 250 in file startup_stm32l476xx.s

94 symbols



ARM Macro Assembler    Page 1 Alphabetic symbol ordering
Absolute symbols

Heap_Size 00000200

Symbol: Heap_Size
   Definitions
      At line 42 in file startup_stm32l476xx.s
   Uses
      At line 46 in file startup_stm32l476xx.s
Comment: Heap_Size used once
Stack_Size 00000400

Symbol: Stack_Size
   Definitions
      At line 31 in file startup_stm32l476xx.s
   Uses
      At line 34 in file startup_stm32l476xx.s
Comment: Stack_Size used once
__Vectors_Size 00000188

Symbol: __Vectors_Size
   Definitions
      At line 162 in file startup_stm32l476xx.s
   Uses
      At line 57 in file startup_stm32l476xx.s
Comment: __Vectors_Size used once
3 symbols



ARM Macro Assembler    Page 1 Alphabetic symbol ordering
External symbols

SystemInit 00000000

Symbol: SystemInit
   Definitions
      At line 169 in file startup_stm32l476xx.s
   Uses
      At line 180 in file startup_stm32l476xx.s
Comment: SystemInit used once
__main 00000000

Symbol: __main
   Definitions
      At line 170 in file startup_stm32l476xx.s
   Uses
      At line 182 in file startup_stm32l476xx.s
Comment: __main used once
2 symbols
447 symbols in table
